Построение начато 28.12.2017 14:54:08.
     1>Проект "C:\Users\Ivan\Desktop\Учеба17-18\SuperTanks\SuperTanki\SuperTanki.vcxproj" в узле 2 (целевые объекты build).
     1>InitializeBuildStatus:
         Создание "Debug\SuperTanki.unsuccessfulbuild", так как было задано "AlwaysCreate".
       ClCompile:
         C:\Program Files (x86)\Microsoft Visual Studio 10.0\VC\bin\CL.exe /c /I"C:\Users\Arthur\Desktop\SuperTanks\SuperTanks\SFML-2.3.2\include" /I"C:\Users\Ivan\Desktop\Учеба17-18\Технология программирования\Проект\SuperTanks\SFML-2.3.2\include" /I"C:\Users\pcc\Desktop\Tanki\SuperTanks\SFML-2.3.2\include" /ZI /nologo /W3 /WX- /Od /Oy- /D SFML_DYNAMIC /D WIN32 /D _DEBUG /D _CONSOLE /D _UNICODE /D UNICODE /Gm /EHsc /RTC1 /MDd /GS /fp:precise /Zc:wchar_t /Zc:forScope /Fo"Debug\\" /Fd"Debug\vc100.pdb" /Gd /TP /analyze- /errorReport:prompt Base.cpp Bullet.cpp Enemy.cpp Entity.cpp main.cpp Player.cpp Star.cpp Wall.cpp
         Wall.cpp
         Star.cpp
         Player.cpp
     1>c:\users\ivan\desktop\учеба17-18\supertanks\supertanki\player.cpp(26): warning C4305: =: усечение из "double" к "float"
     1>c:\users\ivan\desktop\учеба17-18\supertanks\supertanki\player.cpp(31): warning C4305: =: усечение из "double" к "float"
     1>c:\users\ivan\desktop\учеба17-18\supertanks\supertanki\player.cpp(37): warning C4305: =: усечение из "double" к "float"
     1>c:\users\ivan\desktop\учеба17-18\supertanks\supertanki\player.cpp(43): warning C4305: =: усечение из "double" к "float"
     1>c:\users\ivan\desktop\учеба17-18\supertanks\supertanki\player.cpp(49): warning C4244: инициализация: преобразование "float" в "int", возможна потеря данных
     1>c:\users\ivan\desktop\учеба17-18\supertanks\supertanki\player.cpp(50): warning C4244: инициализация: преобразование "float" в "int", возможна потеря данных
     1>c:\users\ivan\desktop\учеба17-18\supertanks\supertanki\player.cpp(54): warning C4244: =: преобразование "int" в "float", возможна потеря данных
     1>c:\users\ivan\desktop\учеба17-18\supertanks\supertanki\player.cpp(55): warning C4244: =: преобразование "int" в "float", возможна потеря данных
     1>c:\users\ivan\desktop\учеба17-18\supertanks\supertanki\player.cpp(56): warning C4244: =: преобразование "int" в "float", возможна потеря данных
     1>c:\users\ivan\desktop\учеба17-18\supertanks\supertanki\player.cpp(57): warning C4244: =: преобразование "int" в "float", возможна потеря данных
     1>c:\users\ivan\desktop\учеба17-18\supertanks\supertanki\player.cpp(73): warning C4244: +=: преобразование "double" в "float", возможна потеря данных
     1>c:\users\ivan\desktop\учеба17-18\supertanks\supertanki\player.cpp(81): warning C4244: +=: преобразование "double" в "float", возможна потеря данных
     1>c:\users\ivan\desktop\учеба17-18\supertanks\supertanki\player.cpp(89): warning C4244: +=: преобразование "double" в "float", возможна потеря данных
     1>c:\users\ivan\desktop\учеба17-18\supertanks\supertanki\player.cpp(98): warning C4244: +=: преобразование "double" в "float", возможна потеря данных
         main.cpp
     1>c:\users\ivan\desktop\учеба17-18\supertanks\supertanki\main.cpp(78): warning C4244: инициализация: преобразование "int" в "float", возможна потеря данных
     1>c:\users\ivan\desktop\учеба17-18\supertanks\supertanki\main.cpp(102): warning C4244: инициализация: преобразование "sf::Int64" в "float", возможна потеря данных
     1>c:\users\ivan\desktop\учеба17-18\supertanks\supertanki\main.cpp(226): warning C4244: аргумент: преобразование "int" в "float", возможна потеря данных
     1>c:\users\ivan\desktop\учеба17-18\supertanks\supertanki\main.cpp(226): warning C4244: аргумент: преобразование "int" в "float", возможна потеря данных
         Entity.cpp
     1>c:\users\ivan\desktop\учеба17-18\supertanks\supertanki\entity.cpp(25): warning C4244: аргумент: преобразование "int" в "float", возможна потеря данных
     1>c:\users\ivan\desktop\учеба17-18\supertanks\supertanki\entity.cpp(25): warning C4244: аргумент: преобразование "int" в "float", возможна потеря данных
         Enemy.cpp
     1>c:\users\ivan\desktop\учеба17-18\supertanks\supertanki\enemy.cpp(19): warning C4305: =: усечение из "double" к "float"
     1>c:\users\ivan\desktop\учеба17-18\supertanks\supertanki\enemy.cpp(27): warning C4244: инициализация: преобразование "float" в "int", возможна потеря данных
     1>c:\users\ivan\desktop\учеба17-18\supertanks\supertanki\enemy.cpp(28): warning C4244: инициализация: преобразование "float" в "int", возможна потеря данных
     1>c:\users\ivan\desktop\учеба17-18\supertanks\supertanki\enemy.cpp(34): warning C4244: =: преобразование "int" в "float", возможна потеря данных
     1>c:\users\ivan\desktop\учеба17-18\supertanks\supertanki\enemy.cpp(34): warning C4305: =: усечение из "double" к "float"
     1>c:\users\ivan\desktop\учеба17-18\supertanks\supertanki\enemy.cpp(39): warning C4244: =: преобразование "int" в "float", возможна потеря данных
     1>c:\users\ivan\desktop\учеба17-18\supertanks\supertanki\enemy.cpp(39): warning C4305: =: усечение из "double" к "float"
     1>c:\users\ivan\desktop\учеба17-18\supertanks\supertanki\enemy.cpp(44): warning C4244: =: преобразование "int" в "float", возможна потеря данных
     1>c:\users\ivan\desktop\учеба17-18\supertanks\supertanki\enemy.cpp(44): warning C4305: =: усечение из "double" к "float"
     1>c:\users\ivan\desktop\учеба17-18\supertanks\supertanki\enemy.cpp(49): warning C4244: =: преобразование "int" в "float", возможна потеря данных
     1>c:\users\ivan\desktop\учеба17-18\supertanks\supertanki\enemy.cpp(49): warning C4305: =: усечение из "double" к "float"
     1>c:\users\ivan\desktop\учеба17-18\supertanks\supertanki\enemy.cpp(68): warning C4244: +=: преобразование "double" в "float", возможна потеря данных
     1>c:\users\ivan\desktop\учеба17-18\supertanks\supertanki\enemy.cpp(78): warning C4244: +=: преобразование "double" в "float", возможна потеря данных
     1>c:\users\ivan\desktop\учеба17-18\supertanks\supertanki\enemy.cpp(88): warning C4244: +=: преобразование "double" в "float", возможна потеря данных
     1>c:\users\ivan\desktop\учеба17-18\supertanks\supertanki\enemy.cpp(98): warning C4244: +=: преобразование "double" в "float", возможна потеря данных
     1>c:\users\ivan\desktop\учеба17-18\supertanks\supertanki\enemy.cpp(116): error C2653: Bullet: не является именем класса или пространства имен
     1>c:\users\ivan\desktop\учеба17-18\supertanks\supertanki\enemy.cpp(116): error C4430: отсутствует спецификатор типа - предполагается int. Примечание. C++ не поддерживает int по умолчанию
     1>c:\users\ivan\desktop\учеба17-18\supertanks\supertanki\enemy.cpp(117): error C2550: Bullet: список инициализации конструктора должен использоваться только в месте определения конструктора
     1>c:\users\ivan\desktop\учеба17-18\supertanks\supertanki\enemy.cpp(118): error C2065: x: необъявленный идентификатор
     1>c:\users\ivan\desktop\учеба17-18\supertanks\supertanki\enemy.cpp(119): error C2065: y: необъявленный идентификатор
     1>c:\users\ivan\desktop\учеба17-18\supertanks\supertanki\enemy.cpp(120): error C2065: direction: необъявленный идентификатор
     1>c:\users\ivan\desktop\учеба17-18\supertanks\supertanki\enemy.cpp(121): error C2065: speed: необъявленный идентификатор
     1>c:\users\ivan\desktop\учеба17-18\supertanks\supertanki\enemy.cpp(122): error C2065: w: необъявленный идентификатор
     1>c:\users\ivan\desktop\учеба17-18\supertanks\supertanki\enemy.cpp(122): error C2065: h: необъявленный идентификатор
     1>c:\users\ivan\desktop\учеба17-18\supertanks\supertanki\enemy.cpp(123): error C2065: life: необъявленный идентификатор
     1>c:\users\ivan\desktop\учеба17-18\supertanks\supertanki\enemy.cpp(124): error C2065: check: необъявленный идентификатор
     1>c:\users\ivan\desktop\учеба17-18\supertanks\supertanki\enemy.cpp(126): warning C4508: Bullet: функция должна возвращать значение; предполагается возвращаемый тип "void"
         Bullet.cpp
     1>c:\users\ivan\desktop\учеба17-18\supertanks\supertanki\bullet.cpp(15): warning C4305: =: усечение из "double" к "float"
     1>c:\users\ivan\desktop\учеба17-18\supertanks\supertanki\bullet.cpp(44): warning C4244: инициализация: преобразование "float" в "int", возможна потеря данных
     1>c:\users\ivan\desktop\учеба17-18\supertanks\supertanki\bullet.cpp(45): warning C4244: инициализация: преобразование "float" в "int", возможна потеря данных
         Base.cpp
         Создание кода...
     1>Построение проекта "C:\Users\Ivan\Desktop\Учеба17-18\SuperTanks\SuperTanki\SuperTanki.vcxproj" завершено (целевые объекты build) с ошибкой.

СБОЙ построения.

Затраченное время: 00:00:06.41
